<?xml version="1.0" encoding="UTF-8"?>
<testng-results ignored="0" total="1" passed="1" failed="0" skipped="0">
  <reporter-output>
  </reporter-output>
  <suite started-at="2024-10-19T20:00:34 IST" name="Suite" finished-at="2024-10-19T20:00:43 IST" duration-ms="9006">
    <groups>
    </groups>
    <test started-at="2024-10-19T20:00:34 IST" name="Test" finished-at="2024-10-19T20:00:43 IST" duration-ms="9006">
      <class name="com.Hrms.tests.NewTest">
        <test-method signature="openBrowser()[pri:0, instance:com.Hrms.tests.NewTest@1139b2f3]" started-at="2024-10-19T20:00:34 IST" name="openBrowser" finished-at="2024-10-19T20:00:43 IST" duration-ms="8959" status="PASS">
          <reporter-output>
          </reporter-output>
        </test-method> <!-- openBrowser -->
      </class> <!-- com.Hrms.tests.NewTest -->
    </test> <!-- Test -->
  </suite> <!-- Suite -->
</testng-results>
