<?xml version="1.0" encoding="UTF-8"?>
<!-- Generated by org.testng.reporters.JUnitXMLReporter -->
<testsuite ignored="2" hostname="LAPTOP-5TIT49CS" failures="0" tests="1" name="Test" time="38.259" errors="0" timestamp="2024-08-22T23:20:22 IST">
  <testcase classname="com.Hrms.tests.TestPIMPage" name="addAndVerifyEmployee" time="28.717"/>
  <testcase classname="com.Hrms.tests.TestPIMPage" name="searchAndVerifyEmployee" time="0.0">
    <ignored/>
  </testcase> <!-- searchAndVerifyEmployee -->
  <testcase classname="com.Hrms.tests.TestPIMPage" name="verifyEmployeeDelete" time="0.0">
    <ignored/>
  </testcase> <!-- verifyEmployeeDelete -->
</testsuite> <!-- Test -->
