<?xml version="1.0" encoding="UTF-8"?>
<testng-results ignored="2" total="3" passed="1" failed="0" skipped="0">
  <reporter-output>
  </reporter-output>
  <suite started-at="2024-08-22T23:19:44 IST" name="Suite" finished-at="2024-08-22T23:20:22 IST" duration-ms="38259">
    <groups>
    </groups>
    <test started-at="2024-08-22T23:19:44 IST" name="Test" finished-at="2024-08-22T23:20:22 IST" duration-ms="38259">
      <class name="com.Hrms.tests.TestPIMPage">
        <test-method is-config="true" signature="setup()[pri:0, instance:com.Hrms.tests.TestPIMPage@1ed4ae0f]" started-at="2024-08-22T23:19:44 IST" name="setup" finished-at="2024-08-22T23:19:53 IST" duration-ms="9485" status="PASS">
          <reporter-output>
          </reporter-output>
        </test-method> <!-- setup -->
        <test-method signature="addAndVerifyEmployee()[pri:0, instance:com.Hrms.tests.TestPIMPage@1ed4ae0f]" started-at="2024-08-22T23:19:54 IST" name="addAndVerifyEmployee" description="add And Verify Employee Name" finished-at="2024-08-22T23:20:22 IST" duration-ms="28717" status="PASS">
          <reporter-output>
          </reporter-output>
        </test-method> <!-- addAndVerifyEmployee -->
        <test-method is-config="true" signature="close()[pri:0, instance:com.Hrms.tests.TestPIMPage@1ed4ae0f]" started-at="2024-08-22T23:20:22 IST" name="close" finished-at="2024-08-22T23:20:22 IST" duration-ms="4" status="PASS">
          <reporter-output>
          </reporter-output>
        </test-method> <!-- close -->
      </class> <!-- com.Hrms.tests.TestPIMPage -->
    </test> <!-- Test -->
  </suite> <!-- Suite -->
</testng-results>
